Determining if the pthread_create exist failed with the following output:
Change Dir: /home/chengyangkj/catkin_ws/build_isolated/lino_msgs/CMakeFiles/CMakeTmp

Run Build Command:"/usr/bin/make" "cmTC_cc9d4/fast"
/usr/bin/make -f CMakeFiles/cmTC_cc9d4.dir/build.make CMakeFiles/cmTC_cc9d4.dir/build
make[1]: 进入目录“/home/chengyangkj/catkin_ws/build_isolated/lino_msgs/CMakeFiles/CMakeTmp”
Building C object CMakeFiles/cmTC_cc9d4.dir/CheckSymbolExists.c.o
/usr/bin/cc    -o CMakeFiles/cmTC_cc9d4.dir/CheckSymbolExists.c.o   -c /home/chengyangkj/catkin_ws/build_isolated/lino_msgs/CMakeFiles/CMakeTmp/CheckSymbolExists.c
Linking C executable cmTC_cc9d4
/usr/bin/cmake -E cmake_link_script CMakeFiles/cmTC_cc9d4.dir/link.txt --verbose=1
/usr/bin/cc      -rdynamic CMakeFiles/cmTC_cc9d4.dir/CheckSymbolExists.c.o  -o cmTC_cc9d4 
CMakeFiles/cmTC_cc9d4.dir/CheckSymbolExists.c.o：在函数‘main’中：
CheckSymbolExists.c:(.text+0x1b)：对‘pthread_create’未定义的引用
collect2: error: ld returned 1 exit status
CMakeFiles/cmTC_cc9d4.dir/build.make:97: recipe for target 'cmTC_cc9d4' failed
make[1]: *** [cmTC_cc9d4] Error 1
make[1]: 离开目录“/home/chengyangkj/catkin_ws/build_isolated/lino_msgs/CMakeFiles/CMakeTmp”
Makefile:126: recipe for target 'cmTC_cc9d4/fast' failed
make: *** [cmTC_cc9d4/fast] Error 2

File /home/chengyangkj/catkin_ws/build_isolated/lino_msgs/CMakeFiles/CMakeTmp/CheckSymbolExists.c:
/* */
#include <pthread.h>

int main(int argc, char** argv)
{
  (void)argv;
#ifndef pthread_create
  return ((int*)(&pthread_create))[argc];
#else
  (void)argc;
  return 0;
#endif
}

Determining if the function pthread_create exists in the pthreads failed with the following output:
Change Dir: /home/chengyangkj/catkin_ws/build_isolated/lino_msgs/CMakeFiles/CMakeTmp

Run Build Command:"/usr/bin/make" "cmTC_9fe59/fast"
/usr/bin/make -f CMakeFiles/cmTC_9fe59.dir/build.make CMakeFiles/cmTC_9fe59.dir/build
make[1]: 进入目录“/home/chengyangkj/catkin_ws/build_isolated/lino_msgs/CMakeFiles/CMakeTmp”
Building C object CMakeFiles/cmTC_9fe59.dir/CheckFunctionExists.c.o
/usr/bin/cc   -DCHECK_FUNCTION_EXISTS=pthread_create   -o CMakeFiles/cmTC_9fe59.dir/CheckFunctionExists.c.o   -c /usr/share/cmake-3.10/Modules/CheckFunctionExists.c
Linking C executable cmTC_9fe59
/usr/bin/cmake -E cmake_link_script CMakeFiles/cmTC_9fe59.dir/link.txt --verbose=1
/usr/bin/cc  -DCHECK_FUNCTION_EXISTS=pthread_create    -rdynamic CMakeFiles/cmTC_9fe59.dir/CheckFunctionExists.c.o  -o cmTC_9fe59 -lpthreads 
/usr/bin/ld: 找不到 -lpthreads
collect2: error: ld returned 1 exit status
CMakeFiles/cmTC_9fe59.dir/build.make:97: recipe for target 'cmTC_9fe59' failed
make[1]: *** [cmTC_9fe59] Error 1
make[1]: 离开目录“/home/chengyangkj/catkin_ws/build_isolated/lino_msgs/CMakeFiles/CMakeTmp”
Makefile:126: recipe for target 'cmTC_9fe59/fast' failed
make: *** [cmTC_9fe59/fast] Error 2


